[INFO ] 2024-11-06 13:49:13.845 [main] StepDef - Setup1 executed...
[INFO ] 2024-11-06 13:49:13.870 [main] StepDef - Chrome browser launched...
[INFO ] 2024-11-06 13:49:17.630 [main] StepDef - url opened...
[INFO ] 2024-11-06 14:06:48.040 [main] StepDef - Setup1 executed...
[INFO ] 2024-11-06 14:06:48.064 [main] StepDef - Chrome browser launched...
[INFO ] 2024-11-06 14:06:52.068 [main] StepDef - url opened...
[INFO ] 2024-11-06 14:55:25.424 [main] StepDef - Setup1 executed...
[INFO ] 2024-11-06 14:55:25.447 [main] StepDef - Chrome browser launched...
[INFO ] 2024-11-06 14:55:28.546 [main] StepDef - url opened...
[INFO ] 2024-11-06 14:55:28.738 [main] StepDef - Clicked on login button...
[INFO ] 2024-11-06 15:08:41.723 [main] StepDef - Setup1 executed...
[INFO ] 2024-11-06 15:08:41.751 [main] StepDef - Chrome browser launched...
[INFO ] 2024-11-06 15:08:45.334 [main] StepDef - url opened...
[INFO ] 2024-11-06 15:08:45.528 [main] StepDef - Clicked on login button...
[INFO ] 2024-11-06 15:08:50.601 [main] StepDef - Browser closed
[INFO ] 2024-11-06 15:11:02.425 [main] StepDef - Setup1 executed...
[INFO ] 2024-11-06 15:11:02.454 [main] StepDef - Chrome browser launched...
[INFO ] 2024-11-06 15:11:05.730 [main] StepDef - url opened...
[INFO ] 2024-11-06 15:11:05.894 [main] StepDef - Clicked on login button...
[INFO ] 2024-11-06 15:11:10.992 [main] StepDef - Browser closed
[INFO ] 2024-11-06 15:54:14.073 [main] StepDef - Setup1 executed...
[INFO ] 2024-11-06 15:54:14.114 [main] StepDef - Chrome browser launched...
[INFO ] 2024-11-06 15:54:17.786 [main] StepDef - url opened...
[INFO ] 2024-11-06 15:54:17.960 [main] StepDef - Clicked on login button...
[INFO ] 2024-11-06 15:54:23.067 [main] StepDef - Browser closed
[INFO ] 2024-11-06 17:28:50.866 [main] StepDef - Setup1 executed...
[INFO ] 2024-11-06 17:28:50.903 [main] StepDef - Chrome browser launched...
[INFO ] 2024-11-06 17:28:54.482 [main] StepDef - url opened...
[INFO ] 2024-11-06 17:28:54.644 [main] StepDef - Clicked on login button...
[INFO ] 2024-11-06 17:28:59.741 [main] StepDef - Browser closed
[INFO ] 2025-01-23 15:03:52.434 [main] StepDef - Setup1 executed...
[INFO ] 2025-01-23 15:10:15.050 [main] StepDef - Setup1 executed...
[INFO ] 2025-01-23 15:10:17.059 [main] StepDef - url opened...
[INFO ] 2025-01-23 15:10:34.009 [main] StepDef - Entered Email...
[INFO ] 2025-01-23 15:10:34.092 [main] StepDef - Entered Password...
[INFO ] 2025-01-23 15:10:34.791 [main] StepDef - Clicked On Login to sandbox...
[INFO ] 2025-01-23 15:13:12.181 [main] StepDef - Setup1 executed...
[INFO ] 2025-01-23 15:13:14.247 [main] StepDef - url opened...
[INFO ] 2025-01-23 15:13:16.703 [main] StepDef - Entered Email...
[INFO ] 2025-01-23 15:13:16.791 [main] StepDef - Entered Password...
[INFO ] 2025-01-23 15:13:18.640 [main] StepDef - Clicked On Login to sandbox...
[INFO ] 2025-01-23 15:13:27.381 [main] StepDef - Clicked On Allow Access button...
[INFO ] 2025-01-23 15:13:32.320 [main] StepDef - Verify Title....
[INFO ] 2025-01-23 15:13:38.633 [main] StepDef - Clicked on User Icon....
[INFO ] 2025-01-23 15:13:46.891 [main] StepDef - Clicked on LogOut Button....
[INFO ] 2025-01-23 15:13:57.046 [main] StepDef - Browser closed
[INFO ] 2025-01-23 15:17:16.896 [main] StepDef - Setup1 executed...
[INFO ] 2025-01-23 15:17:19.046 [main] StepDef - url opened...
[INFO ] 2025-01-23 15:17:34.333 [main] StepDef - Entered Email...
[INFO ] 2025-01-23 15:17:34.409 [main] StepDef - Entered Password...
[INFO ] 2025-01-23 15:17:36.187 [main] StepDef - Clicked On Login to sandbox...
[INFO ] 2025-01-23 15:17:45.100 [main] StepDef - Clicked On Allow Access button...
[INFO ] 2025-01-23 15:17:50.103 [main] StepDef - Verify Title....
[INFO ] 2025-01-23 15:17:56.492 [main] StepDef - Clicked on User Icon....
[INFO ] 2025-01-23 15:17:59.931 [main] StepDef - Clicked on LogOut Button....
[INFO ] 2025-01-23 15:18:10.019 [main] StepDef - Browser closed
[INFO ] 2025-01-23 15:20:28.325 [main] StepDef - Setup1 executed...
[INFO ] 2025-01-23 15:20:30.484 [main] StepDef - url opened...
[INFO ] 2025-01-23 15:20:32.725 [main] StepDef - Entered Email...
[INFO ] 2025-01-23 15:20:32.801 [main] StepDef - Entered Password...
[INFO ] 2025-01-23 15:20:34.590 [main] StepDef - Clicked On Login to sandbox...
[INFO ] 2025-01-23 15:20:40.227 [main] StepDef - Clicked On Allow Access button...
[INFO ] 2025-01-23 15:20:48.473 [main] StepDef - Verify Title....
[INFO ] 2025-01-23 15:20:54.775 [main] StepDef - Clicked on User Icon....
[INFO ] 2025-01-23 15:21:06.452 [main] StepDef - Clicked on LogOut Button....
[INFO ] 2025-01-23 15:21:16.572 [main] StepDef - Browser closed
[INFO ] 2025-01-23 15:27:08.655 [main] StepDef - Setup1 executed...
[INFO ] 2025-01-23 15:27:10.753 [main] StepDef - url opened...
[INFO ] 2025-01-23 15:27:30.412 [main] StepDef - Entered Email...
[INFO ] 2025-01-23 15:27:30.491 [main] StepDef - Entered Password...
[INFO ] 2025-01-23 15:27:32.298 [main] StepDef - Clicked On Login to sandbox...
[INFO ] 2025-01-23 15:27:41.184 [main] StepDef - Clicked On Allow Access button...
[INFO ] 2025-01-23 15:27:46.637 [main] StepDef - Verify Title....
[INFO ] 2025-01-23 15:27:53.048 [main] StepDef - Clicked on User Icon....
[INFO ] 2025-01-23 15:28:03.115 [main] StepDef - Clicked on LogOut Button....
[INFO ] 2025-01-23 15:28:13.253 [main] StepDef - Browser closed
[INFO ] 2025-01-23 15:31:31.892 [main] StepDef - Setup1 executed...
[INFO ] 2025-01-23 15:31:33.942 [main] StepDef - url opened...
[INFO ] 2025-01-23 15:31:36.322 [main] StepDef - Entered Email...
[INFO ] 2025-01-23 15:31:36.414 [main] StepDef - Entered Password...
[INFO ] 2025-01-23 15:31:38.138 [main] StepDef - Clicked On Login to sandbox...
[INFO ] 2025-01-23 15:31:46.724 [main] StepDef - Clicked On Allow Access button...
[INFO ] 2025-01-23 15:31:51.666 [main] StepDef - Verify Title....
[INFO ] 2025-01-23 15:31:57.896 [main] StepDef - Clicked on User Icon....
[INFO ] 2025-01-23 15:43:14.511 [main] StepDef - Setup1 executed...
[INFO ] 2025-01-23 15:43:16.547 [main] StepDef - url opened...
[INFO ] 2025-01-23 15:43:35.870 [main] StepDef - Entered Email...
[INFO ] 2025-01-23 15:43:35.947 [main] StepDef - Entered Password...
[INFO ] 2025-01-23 15:43:37.665 [main] StepDef - Clicked On Login to sandbox...
[INFO ] 2025-01-23 16:52:57.619 [main] StepDef - Setup1 executed...
[INFO ] 2025-01-23 16:53:02.570 [main] StepDef - url opened...
[INFO ] 2025-01-23 16:55:27.449 [main] StepDef - Setup1 executed...
[INFO ] 2025-01-23 16:55:29.425 [main] StepDef - url opened...
[INFO ] 2025-01-23 16:55:42.014 [main] StepDef - Entered Email...
[INFO ] 2025-01-23 16:55:42.103 [main] StepDef - Entered Password...
[INFO ] 2025-01-23 16:55:43.672 [main] StepDef - Clicked On Login to sandbox...
[INFO ] 2025-01-23 16:55:52.810 [main] StepDef - Clicked On Allow Access button...
[INFO ] 2025-01-23 16:55:58.123 [main] StepDef - Verify Title....
[INFO ] 2025-01-23 16:56:04.357 [main] StepDef - Clicked on User Icon....
[INFO ] 2025-01-23 16:56:13.734 [main] StepDef - Clicked on LogOut Button....
[INFO ] 2025-01-23 16:56:23.907 [main] StepDef - Browser closed
[INFO ] 2025-01-23 17:02:35.159 [main] StepDef - Setup1 executed...
[INFO ] 2025-01-23 17:02:37.298 [main] StepDef - url opened...
[INFO ] 2025-01-23 17:02:51.147 [main] StepDef - Entered Email...
[INFO ] 2025-01-23 17:02:51.230 [main] StepDef - Entered Password...
[INFO ] 2025-01-23 17:02:52.936 [main] StepDef - Clicked On Login to sandbox...
[INFO ] 2025-01-23 17:02:58.534 [main] StepDef - Clicked On Allow Access button...
[INFO ] 2025-01-23 17:26:07.224 [main] StepDef - Setup1 executed...
[INFO ] 2025-01-23 17:26:09.898 [main] StepDef - url opened...
[INFO ] 2025-01-23 17:26:23.600 [main] StepDef - Entered Email...
[INFO ] 2025-01-23 17:26:23.678 [main] StepDef - Entered Password...
[INFO ] 2025-01-23 17:26:25.484 [main] StepDef - Clicked On Login to sandbox...
[INFO ] 2025-01-23 17:26:34.574 [main] StepDef - Clicked On Allow Access button...
[INFO ] 2025-01-23 17:26:39.373 [main] StepDef - Verify Title....
[INFO ] 2025-01-23 17:26:45.613 [main] StepDef - Clicked on User Icon....
[INFO ] 2025-01-23 17:26:54.979 [main] StepDef - Clicked on LogOut Button....
[INFO ] 2025-01-23 17:27:05.166 [main] StepDef - Browser closed
[INFO ] 2025-01-23 17:37:19.561 [main] StepDef - Setup1 executed...
[INFO ] 2025-01-23 17:37:22.057 [main] StepDef - url opened...
[INFO ] 2025-01-23 17:37:35.340 [main] StepDef - Entered Email...
[INFO ] 2025-01-23 17:37:35.419 [main] StepDef - Entered Password...
[INFO ] 2025-01-23 17:37:37.112 [main] StepDef - Clicked On Login to sandbox...
[INFO ] 2025-01-23 17:40:33.912 [main] StepDef - Setup1 executed...
[INFO ] 2025-01-23 17:40:36.000 [main] StepDef - url opened...
[INFO ] 2025-01-23 17:42:27.304 [main] StepDef - Setup1 executed...
[INFO ] 2025-01-23 17:42:29.584 [main] StepDef - url opened...
[INFO ] 2025-01-23 17:42:33.405 [main] StepDef - Entered Email...
[INFO ] 2025-01-23 17:42:33.475 [main] StepDef - Entered Password...
[INFO ] 2025-01-23 17:42:34.868 [main] StepDef - Clicked On Login to sandbox...
[INFO ] 2025-01-23 17:43:10.008 [main] StepDef - Setup1 executed...
[INFO ] 2025-01-23 17:43:33.141 [main] StepDef - url opened...
[INFO ] 2025-01-23 17:43:37.188 [main] StepDef - Entered Email...
[INFO ] 2025-01-23 17:43:37.268 [main] StepDef - Entered Password...
[INFO ] 2025-01-23 17:43:37.919 [main] StepDef - Clicked On Login to sandbox...
[INFO ] 2025-01-23 17:51:17.074 [main] StepDef - Setup1 executed...
[INFO ] 2025-01-23 17:51:19.340 [main] StepDef - url opened...
[INFO ] 2025-01-23 17:51:33.695 [main] StepDef - Entered Email...
[INFO ] 2025-01-23 17:51:33.762 [main] StepDef - Entered Password...
[INFO ] 2025-01-23 17:51:35.280 [main] StepDef - Clicked On Login to sandbox...
[INFO ] 2025-01-23 17:51:44.310 [main] StepDef - Clicked On Allow Access button...
[INFO ] 2025-01-23 17:51:49.248 [main] StepDef - Verify Title....
[INFO ] 2025-01-23 17:51:55.552 [main] StepDef - Clicked on User Icon....
[INFO ] 2025-01-23 17:52:04.148 [main] StepDef - Clicked on LogOut Button....
[INFO ] 2025-01-23 17:52:14.251 [main] StepDef - Browser closed
[INFO ] 2025-01-23 17:56:05.648 [main] StepDef - Setup1 executed...
[INFO ] 2025-01-23 17:56:07.954 [main] StepDef - url opened...
[INFO ] 2025-01-23 17:56:10.532 [main] StepDef - Entered Email...
[INFO ] 2025-01-23 17:56:10.600 [main] StepDef - Entered Password...
[INFO ] 2025-01-23 19:14:01.452 [main] StepDef - Setup1 executed...
[INFO ] 2025-01-23 19:14:03.563 [main] StepDef - url opened...
[INFO ] 2025-01-23 19:14:17.125 [main] StepDef - Entered Email...
[INFO ] 2025-01-23 19:14:17.194 [main] StepDef - Entered Password...
[INFO ] 2025-01-23 19:14:18.803 [main] StepDef - Clicked On Login to sandbox...
[INFO ] 2025-01-23 19:14:27.579 [main] StepDef - Clicked On Allow Access button...
[INFO ] 2025-01-23 19:14:32.433 [main] StepDef - Verify Title....
[INFO ] 2025-01-23 19:14:38.747 [main] StepDef - Clicked on User Icon....
[INFO ] 2025-01-23 19:14:47.925 [main] StepDef - Clicked on LogOut Button....
[INFO ] 2025-01-23 19:14:58.042 [main] StepDef - Browser closed
[INFO ] 2025-01-23 19:22:36.912 [main] StepDef - Setup1 executed...
[INFO ] 2025-01-23 19:22:38.838 [main] StepDef - url opened...
[INFO ] 2025-01-23 19:22:51.112 [main] StepDef - Entered Email...
[INFO ] 2025-01-23 19:22:51.173 [main] StepDef - Entered Password...
[INFO ] 2025-01-23 19:22:52.651 [main] StepDef - Clicked On Login to sandbox...
[INFO ] 2025-01-23 19:23:01.917 [main] StepDef - Clicked On Allow Access button...
[INFO ] 2025-01-23 19:27:16.048 [main] StepDef - Setup1 executed...
[INFO ] 2025-01-23 19:27:18.092 [main] StepDef - url opened...
[INFO ] 2025-01-23 19:27:20.303 [main] StepDef - Entered Email...
[INFO ] 2025-01-23 19:27:20.389 [main] StepDef - Entered Password...
[INFO ] 2025-01-23 19:27:21.772 [main] StepDef - Clicked On Login to sandbox...
[INFO ] 2025-01-23 19:27:27.348 [main] StepDef - Clicked On Allow Access button...
[INFO ] 2025-01-23 19:28:32.288 [main] StepDef - Setup1 executed...
[INFO ] 2025-01-23 19:28:34.265 [main] StepDef - url opened...
[INFO ] 2025-01-23 19:28:47.608 [main] StepDef - Entered Email...
[INFO ] 2025-01-23 19:28:47.686 [main] StepDef - Entered Password...
[INFO ] 2025-01-23 19:28:49.038 [main] StepDef - Clicked On Login to sandbox...
[INFO ] 2025-01-23 19:28:57.912 [main] StepDef - Clicked On Allow Access button...
[INFO ] 2025-01-23 19:29:02.777 [main] StepDef - Verify Title....
[INFO ] 2025-01-23 19:29:09.153 [main] StepDef - Clicked on User Icon....
[INFO ] 2025-01-23 19:29:18.772 [main] StepDef - Clicked on LogOut Button....
[INFO ] 2025-01-23 19:30:20.328 [main] StepDef - Setup1 executed...
[INFO ] 2025-01-23 19:30:23.860 [main] StepDef - url opened...
[INFO ] 2025-01-23 19:30:25.921 [main] StepDef - Entered Email...
[INFO ] 2025-01-23 19:30:26.006 [main] StepDef - Entered Password...
[INFO ] 2025-01-23 19:30:27.747 [main] StepDef - Clicked On Login to sandbox...
[INFO ] 2025-01-23 19:47:04.828 [main] StepDef - Setup1 executed...
[INFO ] 2025-01-23 19:47:06.793 [main] StepDef - url opened...
[INFO ] 2025-01-23 19:51:35.878 [main] StepDef - Setup1 executed...
[INFO ] 2025-01-23 19:51:37.846 [main] StepDef - url opened...
[INFO ] 2025-01-23 20:34:03.562 [main] StepDef - Setup1 executed...
[INFO ] 2025-01-23 20:34:05.651 [main] StepDef - url opened...
[INFO ] 2025-01-23 20:50:48.391 [main] StepDef - Setup1 executed...
[INFO ] 2025-01-23 20:50:52.223 [main] StepDef - url opened...
[INFO ] 2025-01-24 12:38:31.809 [main] StepDef - Setup1 executed...
[INFO ] 2025-01-24 12:38:33.783 [main] StepDef - url opened...
[INFO ] 2025-01-24 12:39:40.826 [main] StepDef - Setup1 executed...
[INFO ] 2025-01-24 12:39:42.800 [main] StepDef - url opened...
[INFO ] 2025-01-24 12:39:46.868 [main] StepDef - Entered Email...
[INFO ] 2025-01-24 12:39:46.932 [main] StepDef - Entered Password...
[INFO ] 2025-01-24 12:39:49.197 [main] StepDef - Clicked On Login to sandbox...
[INFO ] 2025-01-24 12:42:24.108 [main] StepDef - Setup1 executed...
[INFO ] 2025-01-24 12:42:26.095 [main] StepDef - url opened...
[INFO ] 2025-01-24 12:43:39.274 [main] StepDef - Setup1 executed...
[INFO ] 2025-01-24 12:43:41.506 [main] StepDef - url opened...
[INFO ] 2025-01-24 12:43:46.903 [main] StepDef - Entered Email...
[INFO ] 2025-01-24 12:43:46.990 [main] StepDef - Entered Password...
[INFO ] 2025-01-24 12:43:48.963 [main] StepDef - Clicked On Login to sandbox...
[INFO ] 2025-01-24 12:43:55.184 [main] StepDef - Clicked On Allow Access button...
[INFO ] 2025-01-24 12:44:30.329 [main] StepDef - Setup1 executed...
[INFO ] 2025-01-24 12:44:32.246 [main] StepDef - url opened...
[INFO ] 2025-01-24 12:44:34.294 [main] StepDef - Entered Email...
[INFO ] 2025-01-24 12:44:34.369 [main] StepDef - Entered Password...
[INFO ] 2025-01-24 12:44:36.005 [main] StepDef - Clicked On Login to sandbox...
[INFO ] 2025-01-24 12:44:44.744 [main] StepDef - Clicked On Allow Access button...
[INFO ] 2025-01-24 12:44:49.590 [main] StepDef - Verify Title....
[INFO ] 2025-01-24 12:44:55.875 [main] StepDef - Clicked on User Icon....
[INFO ] 2025-01-24 12:45:05.428 [main] StepDef - Clicked on LogOut Button....
[INFO ] 2025-01-24 12:45:15.550 [main] StepDef - Browser closed
[INFO ] 2025-01-24 12:46:33.263 [main] StepDef - Setup1 executed...
[INFO ] 2025-01-24 12:46:35.343 [main] StepDef - url opened...
[INFO ] 2025-01-24 12:46:37.857 [main] StepDef - Entered Email...
[INFO ] 2025-01-24 12:46:37.927 [main] StepDef - Entered Password...
[INFO ] 2025-01-24 12:46:39.906 [main] StepDef - Clicked On Login to sandbox...
[INFO ] 2025-01-24 12:46:45.478 [main] StepDef - Clicked On Allow Access button...
[INFO ] 2025-01-24 12:46:53.459 [main] StepDef - Verify Title....
[INFO ] 2025-01-24 12:46:59.745 [main] StepDef - Clicked on User Icon....
[INFO ] 2025-01-24 12:47:03.133 [main] StepDef - Clicked on LogOut Button....
[INFO ] 2025-01-24 12:47:13.237 [main] StepDef - Browser closed
[INFO ] 2025-01-24 12:48:22.028 [main] StepDef - Setup1 executed...
[INFO ] 2025-01-24 12:48:26.377 [main] StepDef - url opened...
[INFO ] 2025-01-24 12:48:28.801 [main] StepDef - Entered Email...
[INFO ] 2025-01-24 12:48:28.872 [main] StepDef - Entered Password...
[INFO ] 2025-01-24 12:48:30.408 [main] StepDef - Clicked On Login to sandbox...
[INFO ] 2025-01-24 12:48:39.028 [main] StepDef - Clicked On Allow Access button...
[INFO ] 2025-01-24 12:48:43.865 [main] StepDef - Verify Title....
[INFO ] 2025-01-24 12:48:50.122 [main] StepDef - Clicked on User Icon....
[INFO ] 2025-01-24 12:48:57.386 [main] StepDef - Clicked on LogOut Button....
[INFO ] 2025-01-24 12:49:07.511 [main] StepDef - Browser closed
[INFO ] 2025-01-24 13:12:52.083 [main] StepDef - Setup1 executed...
[INFO ] 2025-01-24 13:12:54.088 [main] StepDef - url opened...
[INFO ] 2025-01-24 13:13:04.545 [main] StepDef - Entered Email...
[INFO ] 2025-01-24 13:13:04.609 [main] StepDef - Entered Password...
[INFO ] 2025-01-24 13:13:06.546 [main] StepDef - Clicked On Login to sandbox...
[INFO ] 2025-01-24 13:13:12.163 [main] StepDef - Clicked On Allow Access button...
[INFO ] 2025-01-24 13:13:20.068 [main] StepDef - Verify Title....
[INFO ] 2025-01-24 13:13:26.360 [main] StepDef - Clicked on User Icon....
[INFO ] 2025-01-24 13:13:34.378 [main] StepDef - Clicked on LogOut Button....
[INFO ] 2025-01-24 13:13:44.469 [main] StepDef - Browser closed
[INFO ] 2025-01-24 15:11:40.011 [main] StepDef - Setup1 executed...
[INFO ] 2025-01-24 15:11:42.240 [main] StepDef - url opened...
[INFO ] 2025-01-24 15:11:57.330 [main] StepDef - Entered Email...
[INFO ] 2025-01-24 15:11:57.402 [main] StepDef - Entered Password...
[INFO ] 2025-01-24 15:11:59.902 [main] StepDef - Clicked On Login to sandbox...
[INFO ] 2025-01-24 15:12:08.853 [main] StepDef - Clicked On Allow Access button...
[INFO ] 2025-01-24 15:12:14.175 [main] StepDef - Verify Title....
[INFO ] 2025-01-24 15:12:20.442 [main] StepDef - Clicked on User Icon....
[INFO ] 2025-01-24 15:12:30.847 [main] StepDef - Clicked on LogOut Button....
[INFO ] 2025-01-24 15:12:40.969 [main] StepDef - Browser closed
[INFO ] 2025-01-24 18:13:00.014 [main] StepDef - Setup1 executed...
[INFO ] 2025-01-24 18:13:02.322 [main] StepDef - url opened...
[INFO ] 2025-01-24 18:13:10.828 [main] StepDef - Entered Email...
[INFO ] 2025-01-24 18:13:10.911 [main] StepDef - Entered Password...
[INFO ] 2025-01-24 18:13:12.894 [main] StepDef - Clicked On Login to sandbox...
[INFO ] 2025-01-24 18:13:22.109 [main] StepDef - Clicked On Allow Access button...
[INFO ] 2025-01-24 18:13:27.082 [main] StepDef - Verify Title....
[INFO ] 2025-01-24 18:13:33.328 [main] StepDef - Clicked on User Icon....
[INFO ] 2025-01-24 18:13:36.985 [main] StepDef - Clicked on LogOut Button....
[INFO ] 2025-01-24 18:13:47.106 [main] StepDef - Browser closed
[INFO ] 2025-01-24 18:16:13.597 [main] StepDef - Setup1 executed...
[INFO ] 2025-01-24 18:16:15.752 [main] StepDef - url opened...
[INFO ] 2025-01-24 18:16:18.525 [main] StepDef - Entered Email...
[INFO ] 2025-01-24 18:16:18.599 [main] StepDef - Entered Password...
[INFO ] 2025-01-24 18:16:20.776 [main] StepDef - Clicked On Login to sandbox...
[INFO ] 2025-01-24 18:16:29.771 [main] StepDef - Clicked On Allow Access button...
[INFO ] 2025-01-24 18:16:34.649 [main] StepDef - Verify Title....
[INFO ] 2025-01-24 18:16:40.940 [main] StepDef - Clicked on User Icon....
[INFO ] 2025-01-24 18:16:44.792 [main] StepDef - Clicked on LogOut Button....
[INFO ] 2025-01-24 18:16:54.906 [main] StepDef - Browser closed
[INFO ] 2025-01-24 18:35:31.714 [main] StepDef - Setup1 executed...
[INFO ] 2025-01-24 18:35:33.803 [main] StepDef - url opened...
[INFO ] 2025-01-24 18:35:45.786 [main] StepDef - Entered Email...
[INFO ] 2025-01-24 18:35:45.860 [main] StepDef - Entered Password...
[INFO ] 2025-01-24 18:35:47.829 [main] StepDef - Clicked On Login to sandbox...
[INFO ] 2025-01-24 18:35:56.748 [main] StepDef - Clicked On Allow Access button...
[INFO ] 2025-01-24 18:36:01.549 [main] StepDef - Verify Title....
[INFO ] 2025-01-24 18:36:07.782 [main] StepDef - Clicked on User Icon....
[INFO ] 2025-01-24 18:36:16.519 [main] StepDef - Clicked on LogOut Button....
[INFO ] 2025-01-24 18:36:26.620 [main] StepDef - Browser closed
[INFO ] 2025-01-24 20:15:54.286 [main] StepDef - Setup1 executed...
[INFO ] 2025-01-24 20:15:56.366 [main] StepDef - url opened...
[INFO ] 2025-01-24 20:16:03.102 [main] StepDef - Entered Email...
[INFO ] 2025-01-24 20:16:03.164 [main] StepDef - Entered Password...
[INFO ] 2025-01-24 20:16:04.752 [main] StepDef - Clicked On Login to sandbox...
[INFO ] 2025-01-24 20:16:13.888 [main] StepDef - Clicked On Allow Access button...
[INFO ] 2025-01-24 20:16:19.245 [main] StepDef - Verify Title....
[INFO ] 2025-01-24 20:16:25.480 [main] StepDef - Clicked on User Icon....
[INFO ] 2025-01-24 20:16:31.697 [main] StepDef - Clicked on LogOut Button....
[INFO ] 2025-01-24 20:16:41.815 [main] StepDef - Browser closed
[INFO ] 2025-01-24 20:18:24.172 [main] StepDef - Setup1 executed...
[INFO ] 2025-01-24 20:18:26.295 [main] StepDef - url opened...
[INFO ] 2025-01-24 20:18:28.500 [main] StepDef - Entered Email...
[INFO ] 2025-01-24 20:18:28.571 [main] StepDef - Entered Password...
[INFO ] 2025-01-24 20:18:30.170 [main] StepDef - Clicked On Login to sandbox...
[INFO ] 2025-01-24 20:18:35.690 [main] StepDef - Clicked On Allow Access button...
[INFO ] 2025-01-24 20:18:44.499 [main] StepDef - Verify Title....
[INFO ] 2025-01-24 20:18:50.781 [main] StepDef - Clicked on User Icon....
[INFO ] 2025-01-24 20:18:54.038 [main] StepDef - Clicked on LogOut Button....
[INFO ] 2025-01-24 20:19:04.141 [main] StepDef - Browser closed
[INFO ] 2025-01-24 20:20:03.154 [main] StepDef - Setup1 executed...
[INFO ] 2025-01-24 20:20:05.345 [main] StepDef - url opened...
[INFO ] 2025-01-24 20:20:07.408 [main] StepDef - Entered Email...
[INFO ] 2025-01-24 20:20:07.478 [main] StepDef - Entered Password...
[INFO ] 2025-01-24 20:20:08.023 [main] StepDef - Clicked On Login to sandbox...
[INFO ] 2025-01-24 20:45:05.868 [main] StepDef - Setup1 executed...
[INFO ] 2025-01-24 20:45:07.998 [main] StepDef - url opened...
[INFO ] 2025-01-24 20:45:14.653 [main] StepDef - Entered Email...
[INFO ] 2025-01-24 20:45:14.717 [main] StepDef - Entered Password...
[INFO ] 2025-01-24 20:45:16.156 [main] StepDef - Clicked On Login to sandbox...
[INFO ] 2025-01-24 20:45:25.137 [main] StepDef - Clicked On Allow Access button...
[INFO ] 2025-01-24 20:45:30.039 [main] StepDef - Verify Title....
[INFO ] 2025-01-24 20:45:36.319 [main] StepDef - Clicked on User Icon....
[INFO ] 2025-01-24 20:45:41.962 [main] StepDef - Clicked on LogOut Button....
[INFO ] 2025-01-24 20:45:52.074 [main] StepDef - Browser closed
[INFO ] 2025-01-27 12:30:59.941 [main] StepDef - Setup1 executed...
[INFO ] 2025-01-27 12:31:03.238 [main] StepDef - url opened...
[INFO ] 2025-01-27 12:31:11.317 [main] StepDef - Entered Email...
[INFO ] 2025-01-27 12:31:11.400 [main] StepDef - Entered Password...
[INFO ] 2025-01-27 12:31:13.997 [main] StepDef - Clicked On Login to sandbox...
[INFO ] 2025-01-27 12:31:23.343 [main] StepDef - Clicked On Allow Access button...
[INFO ] 2025-01-27 12:31:28.719 [main] StepDef - Verify Title....
[INFO ] 2025-01-27 12:31:34.948 [main] StepDef - Clicked on User Icon....
[INFO ] 2025-01-27 12:31:39.807 [main] StepDef - Clicked on LogOut Button....
[INFO ] 2025-01-27 12:31:49.892 [main] StepDef - Browser closed
[INFO ] 2025-01-27 13:35:14.524 [main] StepDef - Setup1 executed...
[INFO ] 2025-01-27 13:35:16.981 [main] StepDef - url opened...
[INFO ] 2025-01-27 13:35:25.656 [main] StepDef - Entered Email...
[INFO ] 2025-01-27 13:35:25.725 [main] StepDef - Entered Password...
[INFO ] 2025-01-27 13:35:27.476 [main] StepDef - Clicked On Login to sandbox...
[INFO ] 2025-01-27 13:35:36.462 [main] StepDef - Clicked On Allow Access button...
[INFO ] 2025-01-27 13:35:41.832 [main] StepDef - Verify Title....
[INFO ] 2025-01-27 13:35:48.075 [main] StepDef - Clicked on User Icon....
[INFO ] 2025-01-27 13:35:53.972 [main] StepDef - Clicked on LogOut Button....
[INFO ] 2025-01-27 13:36:04.080 [main] StepDef - Browser closed
